<?xml version="1.0" encoding="UTF-8"?>
<testng-results skipped="0" failed="0" ignored="0" total="1" passed="1">
  <reporter-output>
  </reporter-output>
  <suite name="Suite" duration-ms="36329" started-at="2020-08-22T12:56:00 IST" finished-at="2020-08-22T12:56:36 IST">
    <groups>
    </groups>
    <test name="Test" duration-ms="36329" started-at="2020-08-22T12:56:00 IST" finished-at="2020-08-22T12:56:36 IST">
      <class name="Gitpac.GitClass">
        <test-method status="PASS" signature="method()[pri:0, instance:Gitpac.GitClass@4d95d2a2]" name="method" duration-ms="36152" started-at="2020-08-22T12:56:00 IST" finished-at="2020-08-22T12:56:36 IST">
          <reporter-output>
          </reporter-output>
        </test-method> <!-- method -->
      </class> <!-- Gitpac.GitClass -->
    </test> <!-- Test -->
  </suite> <!-- Suite -->
</testng-results>
