<?xml version="1.0" encoding="UTF-8"?>
<testng-results skipped="0" failed="0" ignored="0" total="1" passed="1">
  <reporter-output>
  </reporter-output>
  <suite name="Suite" duration-ms="61554" started-at="2020-08-24T10:05:22 IST" finished-at="2020-08-24T10:06:24 IST">
    <groups>
    </groups>
    <test name="Test" duration-ms="61554" started-at="2020-08-24T10:05:22 IST" finished-at="2020-08-24T10:06:24 IST">
      <class name="Test.JenkinClass">
        <test-method status="PASS" signature="ExceptionMethod()[pri:0, instance:Test.JenkinClass@13f5a29]" name="ExceptionMethod" duration-ms="61489" started-at="2020-08-24T10:05:23 IST" finished-at="2020-08-24T10:06:24 IST">
          <reporter-output>
          </reporter-output>
        </test-method> <!-- ExceptionMethod -->
      </class> <!-- Test.JenkinClass -->
    </test> <!-- Test -->
  </suite> <!-- Suite -->
</testng-results>
